{"/Users/air/jimmy/repo/contentbox/npm-box-js/src/script/boxd/contract/token/token.ts": {"path":"/Users/air/jimmy/repo/contentbox/npm-box-js/src/script/boxd/contract/token/token.ts","statementMap":{"0":{"start":{"line":1,"column":0},"end":{"line":1,"column":23}},"1":{"start":{"line":2,"column":0},"end":{"line":2,"column":43}},"2":{"start":{"line":4,"column":20},"end":{"line":4,"column":22}},"3":{"start":{"line":10,"column":18},"end":{"line":12,"column":1}},"4":{"start":{"line":11,"column":2},"end":{"line":11,"column":null}},"5":{"start":{"line":20,"column":13},"end":{"line":24,"column":null}},"6":{"start":{"line":21,"column":17},"end":{"line":21,"column":43}},"7":{"start":{"line":22,"column":14},"end":{"line":22,"column":55}},"8":{"start":{"line":23,"column":2},"end":{"line":23,"column":null}},"9":{"start":{"line":31,"column":13},"end":{"line":39,"column":null}},"10":{"start":{"line":32,"column":25},"end":{"line":32,"column":51}},"11":{"start":{"line":33,"column":17},"end":{"line":33,"column":69}},"12":{"start":{"line":34,"column":16},"end":{"line":34,"column":64}},"13":{"start":{"line":35,"column":2},"end":{"line":38,"column":null}}},"fnMap":{"0":{"name":"(anonymous_1)","decl":{"start":{"line":10,"column":18},"end":{"line":10,"column":19}},"loc":{"start":{"line":10,"column":30},"end":{"line":12,"column":1}}},"1":{"name":"(anonymous_2)","decl":{"start":{"line":20,"column":31},"end":{"line":20,"column":32}},"loc":{"start":{"line":20,"column":61},"end":{"line":24,"column":1}}},"2":{"name":"(anonymous_3)","decl":{"start":{"line":31,"column":31},"end":{"line":31,"column":32}},"loc":{"start":{"line":31,"column":53},"end":{"line":39,"column":1}}}},"branchMap":{},"s":{"0":1,"1":1,"2":1,"3":1,"4":1,"5":1,"6":1,"7":1,"8":1,"9":1,"10":1,"11":1,"12":1,"13":1},"f":{"0":1,"1":1,"2":1},"b":{}}
,"/Users/air/jimmy/repo/contentbox/npm-box-js/src/script/boxd/util/core.ts": {"path":"/Users/air/jimmy/repo/contentbox/npm-box-js/src/script/boxd/util/core.ts","statementMap":{"0":{"start":{"line":1,"column":13},"end":{"line":16,"column":null}}},"fnMap":{},"branchMap":{},"s":{"0":1},"f":{},"b":{}}
,"/Users/air/jimmy/repo/contentbox/npm-box-js/src/script/boxd/util/util.ts": {"path":"/Users/air/jimmy/repo/contentbox/npm-box-js/src/script/boxd/util/util.ts","statementMap":{"0":{"start":{"line":1,"column":0},"end":{"line":1,"column":31}},"1":{"start":{"line":2,"column":0},"end":{"line":2,"column":39}},"2":{"start":{"line":4,"column":8},"end":{"line":4,"column":21}},"3":{"start":{"line":4,"column":23},"end":{"line":4,"column":36}},"4":{"start":{"line":4,"column":38},"end":{"line":4,"column":51}},"5":{"start":{"line":6,"column":13},"end":{"line":6,"column":null}},"6":{"start":{"line":6,"column":46},"end":{"line":6,"column":null}},"7":{"start":{"line":7,"column":29},"end":{"line":7,"column":47}},"8":{"start":{"line":7,"column":46},"end":{"line":7,"column":null}},"9":{"start":{"line":15,"column":13},"end":{"line":22,"column":null}},"10":{"start":{"line":15,"column":26},"end":{"line":15,"column":43}},"11":{"start":{"line":17,"column":4},"end":{"line":17,"column":null}},"12":{"start":{"line":19,"column":2},"end":{"line":19,"column":null}},"13":{"start":{"line":20,"column":2},"end":{"line":20,"column":null}},"14":{"start":{"line":21,"column":2},"end":{"line":21,"column":null}},"15":{"start":{"line":31,"column":13},"end":{"line":40,"column":null}},"16":{"start":{"line":31,"column":26},"end":{"line":31,"column":43}},"17":{"start":{"line":33,"column":4},"end":{"line":33,"column":null}},"18":{"start":{"line":35,"column":2},"end":{"line":35,"column":null}},"19":{"start":{"line":36,"column":2},"end":{"line":36,"column":null}},"20":{"start":{"line":37,"column":2},"end":{"line":37,"column":null}},"21":{"start":{"line":38,"column":2},"end":{"line":38,"column":null}},"22":{"start":{"line":39,"column":2},"end":{"line":39,"column":null}},"23":{"start":{"line":49,"column":18},"end":{"line":49,"column":32}},"24":{"start":{"line":50,"column":22},"end":{"line":50,"column":51}},"25":{"start":{"line":52,"column":4},"end":{"line":52,"column":null}},"26":{"start":{"line":54,"column":4},"end":{"line":58,"column":null}},"27":{"start":{"line":60,"column":14},"end":{"line":60,"column":29}},"28":{"start":{"line":61,"column":4},"end":{"line":61,"column":null}},"29":{"start":{"line":62,"column":4},"end":{"line":66,"column":null}},"30":{"start":{"line":68,"column":14},"end":{"line":68,"column":29}},"31":{"start":{"line":69,"column":4},"end":{"line":69,"column":null}},"32":{"start":{"line":70,"column":4},"end":{"line":74,"column":null}},"33":{"start":{"line":78,"column":2},"end":{"line":78,"column":null}},"34":{"start":{"line":48,"column":0},"end":{"line":48,"column":16}},"35":{"start":{"line":87,"column":13},"end":{"line":92,"column":null}},"36":{"start":{"line":88,"column":17},"end":{"line":88,"column":52}},"37":{"start":{"line":89,"column":14},"end":{"line":89,"column":43}},"38":{"start":{"line":90,"column":2},"end":{"line":90,"column":null}},"39":{"start":{"line":91,"column":2},"end":{"line":91,"column":null}},"40":{"start":{"line":99,"column":13},"end":{"line":101,"column":null}},"41":{"start":{"line":100,"column":2},"end":{"line":100,"column":null}},"42":{"start":{"line":107,"column":0},"end":{"line":107,"column":null}},"43":{"start":{"line":107,"column":30},"end":{"line":107,"column":35}},"44":{"start":{"line":110,"column":2},"end":{"line":110,"column":14}},"45":{"start":{"line":122,"column":6},"end":{"line":122,"column":null}},"46":{"start":{"line":128,"column":6},"end":{"line":128,"column":null}},"47":{"start":{"line":130,"column":6},"end":{"line":130,"column":null}},"48":{"start":{"line":132,"column":6},"end":{"line":132,"column":null}},"49":{"start":{"line":134,"column":6},"end":{"line":134,"column":null}},"50":{"start":{"line":136,"column":4},"end":{"line":136,"column":null}},"51":{"start":{"line":137,"column":4},"end":{"line":137,"column":null}},"52":{"start":{"line":139,"column":0},"end":{"line":139,"column":null}},"53":{"start":{"line":107,"column":13},"end":{"line":107,"column":21}}},"fnMap":{"0":{"name":"(anonymous_6)","decl":{"start":{"line":6,"column":29},"end":{"line":6,"column":30}},"loc":{"start":{"line":6,"column":41},"end":{"line":6,"column":49}}},"1":{"name":"(anonymous_7)","decl":{"start":{"line":7,"column":29},"end":{"line":7,"column":30}},"loc":{"start":{"line":7,"column":41},"end":{"line":7,"column":47}}},"2":{"name":"(anonymous_8)","decl":{"start":{"line":15,"column":25},"end":{"line":15,"column":26}},"loc":{"start":{"line":15,"column":54},"end":{"line":22,"column":1}}},"3":{"name":"(anonymous_9)","decl":{"start":{"line":31,"column":25},"end":{"line":31,"column":26}},"loc":{"start":{"line":31,"column":57},"end":{"line":40,"column":1}}},"4":{"name":"addOperand","decl":{"start":{"line":48,"column":16},"end":{"line":48,"column":26}},"loc":{"start":{"line":48,"column":71},"end":{"line":79,"column":1}}},"5":{"name":"(anonymous_11)","decl":{"start":{"line":87,"column":31},"end":{"line":87,"column":32}},"loc":{"start":{"line":87,"column":65},"end":{"line":92,"column":1}}},"6":{"name":"(anonymous_12)","decl":{"start":{"line":99,"column":27},"end":{"line":99,"column":28}},"loc":{"start":{"line":99,"column":44},"end":{"line":101,"column":1}}},"7":{"name":"(anonymous_13)","decl":{"start":{"line":107,"column":0},"end":{"line":107,"column":13}},"loc":{"start":{"line":107,"column":0},"end":{"line":139,"column":null}}},"8":{"name":"RpcError","decl":{"start":{"line":110,"column":2},"end":{"line":110,"column":14}},"loc":{"start":{"line":115,"column":3},"end":{"line":138,"column":3}}}},"branchMap":{"0":{"loc":{"start":{"line":15,"column":26},"end":{"line":15,"column":43}},"type":"if","locations":[{"start":{"line":15,"column":26},"end":{"line":15,"column":43}},{"start":{"line":15,"column":26},"end":{"line":15,"column":43}}]},"1":{"loc":{"start":{"line":31,"column":26},"end":{"line":31,"column":43}},"type":"if","locations":[{"start":{"line":31,"column":26},"end":{"line":31,"column":43}},{"start":{"line":31,"column":26},"end":{"line":31,"column":43}}]},"2":{"loc":{"start":{"line":117,"column":6},"end":{"line":117,"column":16}},"type":"binary-expr","locations":[{"start":{"line":117,"column":6},"end":{"line":117,"column":16}},{"start":{"line":118,"column":6},"end":{"line":118,"column":24}},{"start":{"line":119,"column":6},"end":{"line":119,"column":31}},{"start":{"line":120,"column":6},"end":{"line":120,"column":35}}]},"3":{"loc":{"start":{"line":122,"column":6},"end":{"line":122,"column":42}},"type":"binary-expr","locations":[{"start":{"line":122,"column":6},"end":{"line":122,"column":42}},{"start":{"line":122,"column":42},"end":{"line":122,"column":null}}]},"4":{"loc":{"start":{"line":124,"column":6},"end":{"line":124,"column":20}},"type":"binary-expr","locations":[{"start":{"line":124,"column":6},"end":{"line":124,"column":20}},{"start":{"line":125,"column":6},"end":{"line":125,"column":27}},{"start":{"line":126,"column":6},"end":{"line":126,"column":35}}]},"5":{"loc":{"start":{"line":128,"column":6},"end":{"line":128,"column":42}},"type":"binary-expr","locations":[{"start":{"line":128,"column":6},"end":{"line":128,"column":42}},{"start":{"line":128,"column":42},"end":{"line":128,"column":null}}]},"6":{"loc":{"start":{"line":130,"column":6},"end":{"line":130,"column":25}},"type":"binary-expr","locations":[{"start":{"line":130,"column":6},"end":{"line":130,"column":25}},{"start":{"line":130,"column":25},"end":{"line":130,"column":null}}]},"7":{"loc":{"start":{"line":132,"column":6},"end":{"line":132,"column":28}},"type":"binary-expr","locations":[{"start":{"line":132,"column":6},"end":{"line":132,"column":28}},{"start":{"line":132,"column":28},"end":{"line":132,"column":null}}]},"8":{"loc":{"start":{"line":134,"column":6},"end":{"line":134,"column":28}},"type":"binary-expr","locations":[{"start":{"line":134,"column":6},"end":{"line":134,"column":28}},{"start":{"line":134,"column":28},"end":{"line":134,"column":null}}]}},"s":{"0":1,"1":1,"2":1,"3":1,"4":1,"5":1,"6":1,"7":1,"8":0,"9":1,"10":0,"11":0,"12":0,"13":0,"14":0,"15":1,"16":1,"17":0,"18":1,"19":1,"20":1,"21":1,"22":1,"23":0,"24":0,"25":0,"26":0,"27":0,"28":0,"29":0,"30":0,"31":0,"32":0,"33":0,"34":1,"35":1,"36":0,"37":0,"38":0,"39":0,"40":1,"41":0,"42":1,"43":1,"44":0,"45":0,"46":0,"47":0,"48":0,"49":0,"50":0,"51":0,"52":1,"53":1},"f":{"0":1,"1":0,"2":0,"3":1,"4":0,"5":0,"6":0,"7":1,"8":0},"b":{"0":[0,0],"1":[0,1],"2":[0,0,0,0],"3":[0,0],"4":[0,0,0],"5":[0,0],"6":[0,0],"7":[0,0],"8":[0,0]}}
,"/Users/air/jimmy/repo/contentbox/npm-box-js/src/script/boxd/util/crypto/hash.ts": {"path":"/Users/air/jimmy/repo/contentbox/npm-box-js/src/script/boxd/util/crypto/hash.ts","statementMap":{"0":{"start":{"line":1,"column":0},"end":{"line":1,"column":36}},"1":{"start":{"line":3,"column":13},"end":{"line":7,"column":null}},"2":{"start":{"line":4,"column":2},"end":{"line":6,"column":null}},"3":{"start":{"line":9,"column":13},"end":{"line":13,"column":null}},"4":{"start":{"line":10,"column":2},"end":{"line":12,"column":null}},"5":{"start":{"line":15,"column":13},"end":{"line":19,"column":null}},"6":{"start":{"line":16,"column":2},"end":{"line":18,"column":null}},"7":{"start":{"line":21,"column":13},"end":{"line":23,"column":null}},"8":{"start":{"line":22,"column":2},"end":{"line":22,"column":null}},"9":{"start":{"line":25,"column":13},"end":{"line":27,"column":null}},"10":{"start":{"line":26,"column":2},"end":{"line":26,"column":null}}},"fnMap":{"0":{"name":"(anonymous_1)","decl":{"start":{"line":3,"column":25},"end":{"line":3,"column":26}},"loc":{"start":{"line":3,"column":34},"end":{"line":7,"column":1}}},"1":{"name":"(anonymous_2)","decl":{"start":{"line":9,"column":20},"end":{"line":9,"column":21}},"loc":{"start":{"line":9,"column":29},"end":{"line":13,"column":1}}},"2":{"name":"(anonymous_3)","decl":{"start":{"line":15,"column":22},"end":{"line":15,"column":23}},"loc":{"start":{"line":15,"column":31},"end":{"line":19,"column":1}}},"3":{"name":"(anonymous_4)","decl":{"start":{"line":21,"column":23},"end":{"line":21,"column":24}},"loc":{"start":{"line":21,"column":32},"end":{"line":23,"column":1}}},"4":{"name":"(anonymous_5)","decl":{"start":{"line":25,"column":23},"end":{"line":25,"column":24}},"loc":{"start":{"line":25,"column":35},"end":{"line":27,"column":1}}}},"branchMap":{},"s":{"0":1,"1":1,"2":0,"3":1,"4":0,"5":1,"6":0,"7":1,"8":0,"9":1,"10":0},"f":{"0":0,"1":0,"2":0,"3":0,"4":0},"b":{}}
}
