{"/Users/air/jimmy/repo/contentbox/npm-box-js/src/boxd/account/account.ts": {"path":"/Users/air/jimmy/repo/contentbox/npm-box-js/src/boxd/account/account.ts","statementMap":{"0":{"start":{"line":1,"column":0},"end":{"line":1,"column":null}},"1":{"start":{"line":5,"column":0},"end":{"line":5,"column":57}},"2":{"start":{"line":14,"column":18},"end":{"line":22,"column":1}},"3":{"start":{"line":21,"column":2},"end":{"line":21,"column":null}},"4":{"start":{"line":24,"column":0},"end":{"line":24,"column":null}},"5":{"start":{"line":33,"column":4},"end":{"line":35,"column":null}},"6":{"start":{"line":34,"column":6},"end":{"line":34,"column":null}},"7":{"start":{"line":37,"column":4},"end":{"line":37,"column":null}},"8":{"start":{"line":38,"column":4},"end":{"line":38,"column":null}},"9":{"start":{"line":39,"column":4},"end":{"line":39,"column":null}},"10":{"start":{"line":40,"column":4},"end":{"line":40,"column":null}},"11":{"start":{"line":50,"column":2},"end":{"line":59,"column":null}},"12":{"start":{"line":51,"column":23},"end":{"line":51,"column":52}},"13":{"start":{"line":52,"column":23},"end":{"line":52,"column":49}},"14":{"start":{"line":53,"column":4},"end":{"line":58,"column":null}},"15":{"start":{"line":66,"column":2},"end":{"line":80,"column":null}},"16":{"start":{"line":67,"column":20},"end":{"line":67,"column":38}},"17":{"start":{"line":68,"column":24},"end":{"line":68,"column":34}},"18":{"start":{"line":70,"column":6},"end":{"line":70,"column":null}},"19":{"start":{"line":72,"column":4},"end":{"line":78,"column":null}},"20":{"start":{"line":79,"column":4},"end":{"line":79,"column":null}},"21":{"start":{"line":82,"column":2},"end":{"line":86,"column":null}},"22":{"start":{"line":83,"column":4},"end":{"line":85,"column":null}},"23":{"start":{"line":84,"column":16},"end":{"line":84,"column":null}},"24":{"start":{"line":87,"column":0},"end":{"line":87,"column":null}}},"fnMap":{"0":{"name":"(anonymous_2)","decl":{"start":{"line":14,"column":18},"end":{"line":14,"column":null}},"loc":{"start":{"line":19,"column":13},"end":{"line":22,"column":1}}},"1":{"name":"(anonymous_3)","decl":{"start":{"line":24,"column":0},"end":{"line":24,"column":null}},"loc":{"start":{"line":24,"column":0},"end":{"line":87,"column":null}}},"2":{"name":"Account","decl":{"start":{"line":31,"column":2},"end":{"line":31,"column":null}},"loc":{"start":{"line":35,"column":5},"end":{"line":41,"column":3}}},"3":{"name":"(anonymous_5)","decl":{"start":{"line":33,"column":4},"end":{"line":33,"column":29}},"loc":{"start":{"line":33,"column":49},"end":{"line":35,"column":5}}},"4":{"name":"(anonymous_6)","decl":{"start":{"line":50,"column":2},"end":{"line":50,"column":14}},"loc":{"start":{"line":50,"column":51},"end":{"line":59,"column":3}}},"5":{"name":"(anonymous_7)","decl":{"start":{"line":66,"column":2},"end":{"line":66,"column":14}},"loc":{"start":{"line":66,"column":62},"end":{"line":80,"column":3}}},"6":{"name":"(anonymous_8)","decl":{"start":{"line":82,"column":2},"end":{"line":82,"column":13}},"loc":{"start":{"line":82,"column":2},"end":{"line":86,"column":3}}},"7":{"name":"(anonymous_9)","decl":{"start":{"line":84,"column":6},"end":{"line":84,"column":7}},"loc":{"start":{"line":84,"column":11},"end":{"line":84,"column":17}}}},"branchMap":{"0":{"loc":{"start":{"line":33,"column":4},"end":{"line":35,"column":null}},"type":"if","locations":[{"start":{"line":33,"column":4},"end":{"line":35,"column":null}},{"start":{"line":33,"column":4},"end":{"line":35,"column":null}}]},"1":{"loc":{"start":{"line":79,"column":4},"end":{"line":79,"column":22}},"type":"binary-expr","locations":[{"start":{"line":79,"column":4},"end":{"line":79,"column":22}},{"start":{"line":79,"column":26},"end":{"line":79,"column":59}}]}},"s":{"0":1,"1":1,"2":1,"3":2,"4":1,"5":1,"6":0,"7":1,"8":1,"9":1,"10":1,"11":1,"12":2,"13":2,"14":2,"15":1,"16":2,"17":2,"18":0,"19":2,"20":2,"21":1,"22":0,"23":0,"24":1},"f":{"0":2,"1":1,"2":1,"3":0,"4":2,"5":2,"6":0,"7":0},"b":{"0":[0,1],"1":[2,2]}}
,"/Users/air/jimmy/repo/contentbox/npm-box-js/src/boxd/util/util.ts": {"path":"/Users/air/jimmy/repo/contentbox/npm-box-js/src/boxd/util/util.ts","statementMap":{"0":{"start":{"line":1,"column":0},"end":{"line":1,"column":31}},"1":{"start":{"line":2,"column":0},"end":{"line":2,"column":39}},"2":{"start":{"line":4,"column":8},"end":{"line":4,"column":21}},"3":{"start":{"line":4,"column":23},"end":{"line":4,"column":36}},"4":{"start":{"line":4,"column":38},"end":{"line":4,"column":51}},"5":{"start":{"line":6,"column":13},"end":{"line":6,"column":null}},"6":{"start":{"line":6,"column":46},"end":{"line":6,"column":null}},"7":{"start":{"line":7,"column":29},"end":{"line":7,"column":47}},"8":{"start":{"line":7,"column":46},"end":{"line":7,"column":null}},"9":{"start":{"line":15,"column":13},"end":{"line":22,"column":null}},"10":{"start":{"line":15,"column":26},"end":{"line":15,"column":43}},"11":{"start":{"line":17,"column":4},"end":{"line":17,"column":null}},"12":{"start":{"line":19,"column":2},"end":{"line":19,"column":null}},"13":{"start":{"line":20,"column":2},"end":{"line":20,"column":null}},"14":{"start":{"line":21,"column":2},"end":{"line":21,"column":null}},"15":{"start":{"line":31,"column":13},"end":{"line":40,"column":null}},"16":{"start":{"line":31,"column":26},"end":{"line":31,"column":43}},"17":{"start":{"line":33,"column":4},"end":{"line":33,"column":null}},"18":{"start":{"line":35,"column":2},"end":{"line":35,"column":null}},"19":{"start":{"line":36,"column":2},"end":{"line":36,"column":null}},"20":{"start":{"line":37,"column":2},"end":{"line":37,"column":null}},"21":{"start":{"line":38,"column":2},"end":{"line":38,"column":null}},"22":{"start":{"line":39,"column":2},"end":{"line":39,"column":null}},"23":{"start":{"line":49,"column":18},"end":{"line":49,"column":32}},"24":{"start":{"line":50,"column":22},"end":{"line":50,"column":51}},"25":{"start":{"line":52,"column":4},"end":{"line":52,"column":null}},"26":{"start":{"line":54,"column":4},"end":{"line":58,"column":null}},"27":{"start":{"line":60,"column":14},"end":{"line":60,"column":29}},"28":{"start":{"line":61,"column":4},"end":{"line":61,"column":null}},"29":{"start":{"line":62,"column":4},"end":{"line":66,"column":null}},"30":{"start":{"line":68,"column":14},"end":{"line":68,"column":29}},"31":{"start":{"line":69,"column":4},"end":{"line":69,"column":null}},"32":{"start":{"line":70,"column":4},"end":{"line":74,"column":null}},"33":{"start":{"line":78,"column":2},"end":{"line":78,"column":null}},"34":{"start":{"line":48,"column":0},"end":{"line":48,"column":16}},"35":{"start":{"line":87,"column":13},"end":{"line":92,"column":null}},"36":{"start":{"line":88,"column":17},"end":{"line":88,"column":52}},"37":{"start":{"line":89,"column":14},"end":{"line":89,"column":43}},"38":{"start":{"line":90,"column":2},"end":{"line":90,"column":null}},"39":{"start":{"line":91,"column":2},"end":{"line":91,"column":null}},"40":{"start":{"line":99,"column":13},"end":{"line":101,"column":null}},"41":{"start":{"line":100,"column":2},"end":{"line":100,"column":null}},"42":{"start":{"line":107,"column":0},"end":{"line":107,"column":null}},"43":{"start":{"line":107,"column":30},"end":{"line":107,"column":35}},"44":{"start":{"line":110,"column":2},"end":{"line":110,"column":14}},"45":{"start":{"line":122,"column":6},"end":{"line":122,"column":null}},"46":{"start":{"line":128,"column":6},"end":{"line":128,"column":null}},"47":{"start":{"line":130,"column":6},"end":{"line":130,"column":null}},"48":{"start":{"line":132,"column":6},"end":{"line":132,"column":null}},"49":{"start":{"line":134,"column":6},"end":{"line":134,"column":null}},"50":{"start":{"line":136,"column":4},"end":{"line":136,"column":null}},"51":{"start":{"line":137,"column":4},"end":{"line":137,"column":null}},"52":{"start":{"line":139,"column":0},"end":{"line":139,"column":null}},"53":{"start":{"line":107,"column":13},"end":{"line":107,"column":21}},"54":{"start":{"line":141,"column":0},"end":{"line":141,"column":13}},"55":{"start":{"line":144,"column":2},"end":{"line":144,"column":14}},"56":{"start":{"line":154,"column":2},"end":{"line":182,"column":null}},"57":{"start":{"line":154,"column":32},"end":{"line":154,"column":null}},"58":{"start":{"line":155,"column":4},"end":{"line":155,"column":null}},"59":{"start":{"line":157,"column":8},"end":{"line":159,"column":null}},"60":{"start":{"line":161,"column":12},"end":{"line":164,"column":null}},"61":{"start":{"line":161,"column":6},"end":{"line":164,"column":null}},"62":{"start":{"line":166,"column":8},"end":{"line":166,"column":null}},"63":{"start":{"line":167,"column":8},"end":{"line":167,"column":null}},"64":{"start":{"line":168,"column":8},"end":{"line":168,"column":null}},"65":{"start":{"line":170,"column":14},"end":{"line":170,"column":null}},"66":{"start":{"line":170,"column":6},"end":{"line":170,"column":null}},"67":{"start":{"line":172,"column":8},"end":{"line":172,"column":null}},"68":{"start":{"line":175,"column":6},"end":{"line":175,"column":null}},"69":{"start":{"line":176,"column":6},"end":{"line":176,"column":null}},"70":{"start":{"line":179,"column":6},"end":{"line":179,"column":null}},"71":{"start":{"line":181,"column":4},"end":{"line":181,"column":null}},"72":{"start":{"line":146,"column":6},"end":{"line":146,"column":null}},"73":{"start":{"line":149,"column":6},"end":{"line":149,"column":null}},"74":{"start":{"line":151,"column":4},"end":{"line":151,"column":null}},"75":{"start":{"line":152,"column":4},"end":{"line":152,"column":null}},"76":{"start":{"line":183,"column":0},"end":{"line":183,"column":null}},"77":{"start":{"line":141,"column":13},"end":{"line":141,"column":16}}},"fnMap":{"0":{"name":"(anonymous_18)","decl":{"start":{"line":6,"column":29},"end":{"line":6,"column":30}},"loc":{"start":{"line":6,"column":41},"end":{"line":6,"column":49}}},"1":{"name":"(anonymous_19)","decl":{"start":{"line":7,"column":29},"end":{"line":7,"column":30}},"loc":{"start":{"line":7,"column":41},"end":{"line":7,"column":47}}},"2":{"name":"(anonymous_20)","decl":{"start":{"line":15,"column":25},"end":{"line":15,"column":26}},"loc":{"start":{"line":15,"column":54},"end":{"line":22,"column":1}}},"3":{"name":"(anonymous_21)","decl":{"start":{"line":31,"column":25},"end":{"line":31,"column":26}},"loc":{"start":{"line":31,"column":57},"end":{"line":40,"column":1}}},"4":{"name":"addOperand","decl":{"start":{"line":48,"column":16},"end":{"line":48,"column":26}},"loc":{"start":{"line":48,"column":71},"end":{"line":79,"column":1}}},"5":{"name":"(anonymous_23)","decl":{"start":{"line":87,"column":31},"end":{"line":87,"column":32}},"loc":{"start":{"line":87,"column":65},"end":{"line":92,"column":1}}},"6":{"name":"(anonymous_24)","decl":{"start":{"line":99,"column":27},"end":{"line":99,"column":28}},"loc":{"start":{"line":99,"column":44},"end":{"line":101,"column":1}}},"7":{"name":"(anonymous_25)","decl":{"start":{"line":107,"column":0},"end":{"line":107,"column":13}},"loc":{"start":{"line":107,"column":0},"end":{"line":139,"column":null}}},"8":{"name":"RpcError","decl":{"start":{"line":110,"column":2},"end":{"line":110,"column":14}},"loc":{"start":{"line":115,"column":3},"end":{"line":138,"column":3}}},"9":{"name":"(anonymous_27)","decl":{"start":{"line":141,"column":0},"end":{"line":141,"column":13}},"loc":{"start":{"line":141,"column":0},"end":{"line":183,"column":null}}},"10":{"name":"Rpc","decl":{"start":{"line":144,"column":2},"end":{"line":144,"column":14}},"loc":{"start":{"line":144,"column":42},"end":{"line":153,"column":3}}}},"branchMap":{"0":{"loc":{"start":{"line":15,"column":26},"end":{"line":15,"column":43}},"type":"if","locations":[{"start":{"line":15,"column":26},"end":{"line":15,"column":43}},{"start":{"line":15,"column":26},"end":{"line":15,"column":43}}]},"1":{"loc":{"start":{"line":31,"column":26},"end":{"line":31,"column":43}},"type":"if","locations":[{"start":{"line":31,"column":26},"end":{"line":31,"column":43}},{"start":{"line":31,"column":26},"end":{"line":31,"column":43}}]},"2":{"loc":{"start":{"line":117,"column":6},"end":{"line":117,"column":16}},"type":"binary-expr","locations":[{"start":{"line":117,"column":6},"end":{"line":117,"column":16}},{"start":{"line":118,"column":6},"end":{"line":118,"column":24}},{"start":{"line":119,"column":6},"end":{"line":119,"column":31}},{"start":{"line":120,"column":6},"end":{"line":120,"column":35}}]},"3":{"loc":{"start":{"line":122,"column":6},"end":{"line":122,"column":42}},"type":"binary-expr","locations":[{"start":{"line":122,"column":6},"end":{"line":122,"column":42}},{"start":{"line":122,"column":42},"end":{"line":122,"column":null}}]},"4":{"loc":{"start":{"line":124,"column":6},"end":{"line":124,"column":20}},"type":"binary-expr","locations":[{"start":{"line":124,"column":6},"end":{"line":124,"column":20}},{"start":{"line":125,"column":6},"end":{"line":125,"column":27}},{"start":{"line":126,"column":6},"end":{"line":126,"column":35}}]},"5":{"loc":{"start":{"line":128,"column":6},"end":{"line":128,"column":42}},"type":"binary-expr","locations":[{"start":{"line":128,"column":6},"end":{"line":128,"column":42}},{"start":{"line":128,"column":42},"end":{"line":128,"column":null}}]},"6":{"loc":{"start":{"line":130,"column":6},"end":{"line":130,"column":25}},"type":"binary-expr","locations":[{"start":{"line":130,"column":6},"end":{"line":130,"column":25}},{"start":{"line":130,"column":25},"end":{"line":130,"column":null}}]},"7":{"loc":{"start":{"line":132,"column":6},"end":{"line":132,"column":28}},"type":"binary-expr","locations":[{"start":{"line":132,"column":6},"end":{"line":132,"column":28}},{"start":{"line":132,"column":28},"end":{"line":132,"column":null}}]},"8":{"loc":{"start":{"line":134,"column":6},"end":{"line":134,"column":28}},"type":"binary-expr","locations":[{"start":{"line":134,"column":6},"end":{"line":134,"column":28}},{"start":{"line":134,"column":28},"end":{"line":134,"column":null}}]},"9":{"loc":{"start":{"line":154,"column":32},"end":{"line":154,"column":null}},"type":"if","locations":[{"start":{"line":154,"column":32},"end":{"line":154,"column":null}},{"start":{"line":154,"column":32},"end":{"line":154,"column":null}}]}},"s":{"0":2,"1":2,"2":2,"3":2,"4":2,"5":2,"6":1,"7":2,"8":0,"9":2,"10":0,"11":0,"12":0,"13":0,"14":0,"15":2,"16":1,"17":0,"18":1,"19":1,"20":1,"21":1,"22":1,"23":0,"24":0,"25":0,"26":0,"27":0,"28":0,"29":0,"30":0,"31":0,"32":0,"33":0,"34":2,"35":2,"36":0,"37":0,"38":0,"39":0,"40":2,"41":0,"42":2,"43":2,"44":0,"45":0,"46":0,"47":0,"48":0,"49":0,"50":0,"51":0,"52":2,"53":2,"54":2,"55":0,"56":0,"57":0,"58":0,"59":0,"60":0,"61":0,"62":0,"63":0,"64":0,"65":0,"66":0,"67":0,"68":0,"69":0,"70":0,"71":0,"72":0,"73":0,"74":0,"75":0,"76":2,"77":2},"f":{"0":1,"1":0,"2":0,"3":1,"4":0,"5":0,"6":0,"7":2,"8":0,"9":2,"10":0},"b":{"0":[0,0],"1":[0,1],"2":[0,0,0,0],"3":[0,0],"4":[0,0,0],"5":[0,0],"6":[0,0],"7":[0,0],"8":[0,0],"9":[0,0]}}
,"/Users/air/jimmy/repo/contentbox/npm-box-js/src/script/boxd/contract/token/token.ts": {"path":"/Users/air/jimmy/repo/contentbox/npm-box-js/src/script/boxd/contract/token/token.ts","statementMap":{"0":{"start":{"line":1,"column":0},"end":{"line":1,"column":23}},"1":{"start":{"line":2,"column":0},"end":{"line":2,"column":43}},"2":{"start":{"line":4,"column":20},"end":{"line":4,"column":22}},"3":{"start":{"line":10,"column":18},"end":{"line":12,"column":1}},"4":{"start":{"line":11,"column":2},"end":{"line":11,"column":null}},"5":{"start":{"line":20,"column":13},"end":{"line":24,"column":null}},"6":{"start":{"line":21,"column":17},"end":{"line":21,"column":43}},"7":{"start":{"line":22,"column":14},"end":{"line":22,"column":55}},"8":{"start":{"line":23,"column":2},"end":{"line":23,"column":null}},"9":{"start":{"line":31,"column":13},"end":{"line":39,"column":null}},"10":{"start":{"line":32,"column":25},"end":{"line":32,"column":51}},"11":{"start":{"line":33,"column":17},"end":{"line":33,"column":69}},"12":{"start":{"line":34,"column":16},"end":{"line":34,"column":64}},"13":{"start":{"line":35,"column":2},"end":{"line":38,"column":null}}},"fnMap":{"0":{"name":"(anonymous_1)","decl":{"start":{"line":10,"column":18},"end":{"line":10,"column":19}},"loc":{"start":{"line":10,"column":30},"end":{"line":12,"column":1}}},"1":{"name":"(anonymous_2)","decl":{"start":{"line":20,"column":31},"end":{"line":20,"column":32}},"loc":{"start":{"line":20,"column":61},"end":{"line":24,"column":1}}},"2":{"name":"(anonymous_3)","decl":{"start":{"line":31,"column":31},"end":{"line":31,"column":32}},"loc":{"start":{"line":31,"column":53},"end":{"line":39,"column":1}}}},"branchMap":{},"s":{"0":1,"1":1,"2":1,"3":1,"4":1,"5":1,"6":1,"7":1,"8":1,"9":1,"10":1,"11":1,"12":1,"13":1},"f":{"0":1,"1":1,"2":1},"b":{}}
,"/Users/air/jimmy/repo/contentbox/npm-box-js/src/script/boxd/util/core.ts": {"path":"/Users/air/jimmy/repo/contentbox/npm-box-js/src/script/boxd/util/core.ts","statementMap":{"0":{"start":{"line":1,"column":13},"end":{"line":16,"column":null}}},"fnMap":{},"branchMap":{},"s":{"0":2},"f":{},"b":{}}
,"/Users/air/jimmy/repo/contentbox/npm-box-js/src/script/boxd/util/crypto/aes.ts": {"path":"/Users/air/jimmy/repo/contentbox/npm-box-js/src/script/boxd/util/crypto/aes.ts","statementMap":{"0":{"start":{"line":1,"column":17},"end":{"line":1,"column":37}},"1":{"start":{"line":2,"column":16},"end":{"line":2,"column":38}},"2":{"start":{"line":3,"column":13},"end":{"line":3,"column":30}},"3":{"start":{"line":12,"column":13},"end":{"line":21,"column":null}},"4":{"start":{"line":13,"column":12},"end":{"line":13,"column":40}},"5":{"start":{"line":14,"column":12},"end":{"line":14,"column":38}},"6":{"start":{"line":16,"column":2},"end":{"line":20,"column":null}},"7":{"start":{"line":30,"column":13},"end":{"line":31,"column":null}},"8":{"start":{"line":31,"column":2},"end":{"line":31,"column":null}},"9":{"start":{"line":40,"column":13},"end":{"line":44,"column":null}},"10":{"start":{"line":41,"column":2},"end":{"line":43,"column":null}}},"fnMap":{"0":{"name":"(anonymous_0)","decl":{"start":{"line":12,"column":23},"end":{"line":12,"column":24}},"loc":{"start":{"line":12,"column":53},"end":{"line":21,"column":1}}},"1":{"name":"(anonymous_1)","decl":{"start":{"line":30,"column":29},"end":{"line":30,"column":30}},"loc":{"start":{"line":30,"column":59},"end":{"line":31,"column":9}}},"2":{"name":"(anonymous_2)","decl":{"start":{"line":40,"column":22},"end":{"line":40,"column":23}},"loc":{"start":{"line":40,"column":54},"end":{"line":44,"column":1}}}},"branchMap":{},"s":{"0":1,"1":1,"2":1,"3":1,"4":2,"5":2,"6":2,"7":1,"8":2,"9":1,"10":2},"f":{"0":2,"1":2,"2":2},"b":{}}
,"/Users/air/jimmy/repo/contentbox/npm-box-js/src/script/boxd/util/crypto/ecpair.ts": {"path":"/Users/air/jimmy/repo/contentbox/npm-box-js/src/script/boxd/util/crypto/ecpair.ts","statementMap":{"0":{"start":{"line":1,"column":0},"end":{"line":1,"column":32}},"1":{"start":{"line":2,"column":0},"end":{"line":2,"column":39}},"2":{"start":{"line":6,"column":4},"end":{"line":6,"column":null}},"3":{"start":{"line":9,"column":4},"end":{"line":9,"column":null}},"4":{"start":{"line":11,"column":2},"end":{"line":11,"column":null}},"5":{"start":{"line":15,"column":2},"end":{"line":15,"column":null}},"6":{"start":{"line":17,"column":2},"end":{"line":17,"column":null}},"7":{"start":{"line":19,"column":2},"end":{"line":19,"column":null}},"8":{"start":{"line":20,"column":2},"end":{"line":20,"column":null}},"9":{"start":{"line":21,"column":2},"end":{"line":21,"column":null}},"10":{"start":{"line":21,"column":9},"end":{"line":21,"column":null}},"11":{"start":{"line":24,"column":0},"end":{"line":29,"column":null}},"12":{"start":{"line":27,"column":4},"end":{"line":27,"column":null}},"13":{"start":{"line":31,"column":0},"end":{"line":36,"column":null}},"14":{"start":{"line":33,"column":4},"end":{"line":33,"column":null}},"15":{"start":{"line":33,"column":19},"end":{"line":33,"column":null}},"16":{"start":{"line":34,"column":4},"end":{"line":34,"column":null}},"17":{"start":{"line":38,"column":0},"end":{"line":45,"column":null}},"18":{"start":{"line":39,"column":2},"end":{"line":39,"column":null}},"19":{"start":{"line":39,"column":17},"end":{"line":39,"column":null}},"20":{"start":{"line":40,"column":20},"end":{"line":40,"column":44}},"21":{"start":{"line":41,"column":2},"end":{"line":44,"column":null}},"22":{"start":{"line":47,"column":0},"end":{"line":65,"column":null}},"23":{"start":{"line":48,"column":13},"end":{"line":48,"column":52}},"24":{"start":{"line":49,"column":13},"end":{"line":49,"column":49}},"25":{"start":{"line":51,"column":17},"end":{"line":51,"column":42}},"26":{"start":{"line":53,"column":13},"end":{"line":53,"column":28}},"27":{"start":{"line":54,"column":2},"end":{"line":54,"column":null}},"28":{"start":{"line":55,"column":2},"end":{"line":55,"column":null}},"29":{"start":{"line":56,"column":2},"end":{"line":56,"column":null}},"30":{"start":{"line":57,"column":2},"end":{"line":57,"column":null}},"31":{"start":{"line":59,"column":13},"end":{"line":59,"column":28}},"32":{"start":{"line":60,"column":2},"end":{"line":60,"column":null}},"33":{"start":{"line":61,"column":2},"end":{"line":61,"column":null}},"34":{"start":{"line":63,"column":19},"end":{"line":63,"column":50}},"35":{"start":{"line":64,"column":2},"end":{"line":64,"column":null}},"36":{"start":{"line":67,"column":0},"end":{"line":69,"column":null}},"37":{"start":{"line":68,"column":2},"end":{"line":68,"column":null}},"38":{"start":{"line":72,"column":2},"end":{"line":73,"column":null}},"39":{"start":{"line":73,"column":4},"end":{"line":73,"column":null}},"40":{"start":{"line":75,"column":2},"end":{"line":75,"column":null}},"41":{"start":{"line":78,"column":0},"end":{"line":80,"column":null}}},"fnMap":{"0":{"name":"canonicalizeInt","decl":{"start":{"line":4,"column":9},"end":{"line":4,"column":24}},"loc":{"start":{"line":4,"column":26},"end":{"line":12,"column":1}}},"1":{"name":"ECPair","decl":{"start":{"line":14,"column":9},"end":{"line":14,"column":15}},"loc":{"start":{"line":14,"column":29},"end":{"line":22,"column":1}}},"2":{"name":"(anonymous_3)","decl":{"start":{"line":26,"column":7},"end":{"line":26,"column":null}},"loc":{"start":{"line":26,"column":7},"end":{"line":28,"column":3}}},"3":{"name":"(anonymous_4)","decl":{"start":{"line":32,"column":7},"end":{"line":32,"column":null}},"loc":{"start":{"line":32,"column":7},"end":{"line":35,"column":3}}},"4":{"name":"(anonymous_5)","decl":{"start":{"line":38,"column":24},"end":{"line":38,"column":33}},"loc":{"start":{"line":38,"column":37},"end":{"line":45,"column":1}}},"5":{"name":"(anonymous_6)","decl":{"start":{"line":47,"column":29},"end":{"line":47,"column":38}},"loc":{"start":{"line":47,"column":47},"end":{"line":65,"column":1}}},"6":{"name":"(anonymous_7)","decl":{"start":{"line":67,"column":26},"end":{"line":67,"column":35}},"loc":{"start":{"line":67,"column":50},"end":{"line":69,"column":1}}},"7":{"name":"fromPrivateKey","decl":{"start":{"line":71,"column":9},"end":{"line":71,"column":23}},"loc":{"start":{"line":71,"column":39},"end":{"line":76,"column":1}}}},"branchMap":{"0":{"loc":{"start":{"line":15,"column":12},"end":{"line":15,"column":19}},"type":"binary-expr","locations":[{"start":{"line":15,"column":12},"end":{"line":15,"column":19}},{"start":{"line":15,"column":23},"end":{"line":15,"column":25}}]},"1":{"loc":{"start":{"line":17,"column":55},"end":{"line":17,"column":59}},"type":"cond-expr","locations":[{"start":{"line":17,"column":55},"end":{"line":17,"column":59}},{"start":{"line":17,"column":62},"end":{"line":17,"column":80}}]},"2":{"loc":{"start":{"line":19,"column":13},"end":{"line":19,"column":14}},"type":"binary-expr","locations":[{"start":{"line":19,"column":13},"end":{"line":19,"column":14}},{"start":{"line":19,"column":18},"end":{"line":19,"column":22}}]},"3":{"loc":{"start":{"line":21,"column":2},"end":{"line":21,"column":null}},"type":"if","locations":[{"start":{"line":21,"column":2},"end":{"line":21,"column":null}},{"start":{"line":21,"column":2},"end":{"line":21,"column":null}}]},"4":{"loc":{"start":{"line":33,"column":4},"end":{"line":33,"column":null}},"type":"if","locations":[{"start":{"line":33,"column":4},"end":{"line":33,"column":null}},{"start":{"line":33,"column":4},"end":{"line":33,"column":null}}]},"5":{"loc":{"start":{"line":39,"column":2},"end":{"line":39,"column":null}},"type":"if","locations":[{"start":{"line":39,"column":2},"end":{"line":39,"column":null}},{"start":{"line":39,"column":2},"end":{"line":39,"column":null}}]},"6":{"loc":{"start":{"line":72,"column":2},"end":{"line":73,"column":null}},"type":"if","locations":[{"start":{"line":72,"column":2},"end":{"line":73,"column":null}},{"start":{"line":72,"column":2},"end":{"line":73,"column":null}}]}},"s":{"0":1,"1":1,"2":0,"3":0,"4":0,"5":0,"6":0,"7":0,"8":0,"9":0,"10":0,"11":1,"12":0,"13":1,"14":0,"15":0,"16":0,"17":1,"18":0,"19":0,"20":0,"21":0,"22":1,"23":0,"24":0,"25":0,"26":0,"27":0,"28":0,"29":0,"30":0,"31":0,"32":0,"33":0,"34":0,"35":0,"36":1,"37":0,"38":0,"39":0,"40":0,"41":1},"f":{"0":0,"1":0,"2":0,"3":0,"4":0,"5":0,"6":0,"7":0},"b":{"0":[0,0],"1":[0,0],"2":[0,0],"3":[0,0],"4":[0,0],"5":[0,0],"6":[0,0]}}
,"/Users/air/jimmy/repo/contentbox/npm-box-js/src/script/boxd/util/crypto/hash.ts": {"path":"/Users/air/jimmy/repo/contentbox/npm-box-js/src/script/boxd/util/crypto/hash.ts","statementMap":{"0":{"start":{"line":1,"column":0},"end":{"line":1,"column":36}},"1":{"start":{"line":3,"column":13},"end":{"line":7,"column":null}},"2":{"start":{"line":4,"column":2},"end":{"line":6,"column":null}},"3":{"start":{"line":9,"column":13},"end":{"line":13,"column":null}},"4":{"start":{"line":10,"column":2},"end":{"line":12,"column":null}},"5":{"start":{"line":15,"column":13},"end":{"line":19,"column":null}},"6":{"start":{"line":16,"column":2},"end":{"line":18,"column":null}},"7":{"start":{"line":21,"column":13},"end":{"line":23,"column":null}},"8":{"start":{"line":22,"column":2},"end":{"line":22,"column":null}},"9":{"start":{"line":25,"column":13},"end":{"line":27,"column":null}},"10":{"start":{"line":26,"column":2},"end":{"line":26,"column":null}}},"fnMap":{"0":{"name":"(anonymous_1)","decl":{"start":{"line":3,"column":25},"end":{"line":3,"column":26}},"loc":{"start":{"line":3,"column":34},"end":{"line":7,"column":1}}},"1":{"name":"(anonymous_2)","decl":{"start":{"line":9,"column":20},"end":{"line":9,"column":21}},"loc":{"start":{"line":9,"column":29},"end":{"line":13,"column":1}}},"2":{"name":"(anonymous_3)","decl":{"start":{"line":15,"column":22},"end":{"line":15,"column":23}},"loc":{"start":{"line":15,"column":31},"end":{"line":19,"column":1}}},"3":{"name":"(anonymous_4)","decl":{"start":{"line":21,"column":23},"end":{"line":21,"column":24}},"loc":{"start":{"line":21,"column":32},"end":{"line":23,"column":1}}},"4":{"name":"(anonymous_5)","decl":{"start":{"line":25,"column":23},"end":{"line":25,"column":24}},"loc":{"start":{"line":25,"column":35},"end":{"line":27,"column":1}}}},"branchMap":{},"s":{"0":2,"1":2,"2":2,"3":2,"4":0,"5":2,"6":14,"7":2,"8":2,"9":2,"10":0},"f":{"0":2,"1":0,"2":14,"3":2,"4":0},"b":{}}
,"/Users/air/jimmy/repo/contentbox/npm-box-js/src/script/boxd/util/crypto/keystore.ts": {"path":"/Users/air/jimmy/repo/contentbox/npm-box-js/src/script/boxd/util/crypto/keystore.ts","statementMap":{"0":{"start":{"line":1,"column":0},"end":{"line":1,"column":30}},"1":{"start":{"line":2,"column":0},"end":{"line":2,"column":37}},"2":{"start":{"line":3,"column":0},"end":{"line":3,"column":45}},"3":{"start":{"line":5,"column":21},"end":{"line":5,"column":26}},"4":{"start":{"line":7,"column":21},"end":{"line":7,"column":23}},"5":{"start":{"line":27,"column":22},"end":{"line":46,"column":1}},"6":{"start":{"line":35,"column":2},"end":{"line":45,"column":null}},"7":{"start":{"line":43,"column":6},"end":{"line":43,"column":null}},"8":{"start":{"line":55,"column":13},"end":{"line":110,"column":null}},"9":{"start":{"line":63,"column":4},"end":{"line":63,"column":null}},"10":{"start":{"line":67,"column":4},"end":{"line":67,"column":null}},"11":{"start":{"line":71,"column":29},"end":{"line":71,"column":62}},"12":{"start":{"line":72,"column":20},"end":{"line":72,"column":47}},"13":{"start":{"line":74,"column":17},"end":{"line":74,"column":32}},"14":{"start":{"line":75,"column":15},"end":{"line":75,"column":63}},"15":{"start":{"line":76,"column":23},"end":{"line":82,"column":null}},"16":{"start":{"line":85,"column":19},"end":{"line":85,"column":65}},"17":{"start":{"line":86,"column":22},"end":{"line":86,"column":65}},"18":{"start":{"line":87,"column":23},"end":{"line":87,"column":66}},"19":{"start":{"line":88,"column":16},"end":{"line":88,"column":45}},"20":{"start":{"line":90,"column":4},"end":{"line":105,"column":null}},"21":{"start":{"line":107,"column":4},"end":{"line":107,"column":null}},"22":{"start":{"line":108,"column":4},"end":{"line":108,"column":null}},"23":{"start":{"line":118,"column":13},"end":{"line":155,"column":null}},"24":{"start":{"line":123,"column":4},"end":{"line":123,"column":null}},"25":{"start":{"line":126,"column":4},"end":{"line":126,"column":null}},"26":{"start":{"line":128,"column":14},"end":{"line":128,"column":27}},"27":{"start":{"line":129,"column":20},"end":{"line":129,"column":33}},"28":{"start":{"line":130,"column":21},"end":{"line":130,"column":62}},"29":{"start":{"line":131,"column":21},"end":{"line":137,"column":null}},"30":{"start":{"line":140,"column":17},"end":{"line":140,"column":63}},"31":{"start":{"line":141,"column":20},"end":{"line":141,"column":67}},"32":{"start":{"line":142,"column":14},"end":{"line":142,"column":47}},"33":{"start":{"line":144,"column":4},"end":{"line":144,"column":null}},"34":{"start":{"line":146,"column":27},"end":{"line":149,"column":null}},"35":{"start":{"line":152,"column":4},"end":{"line":152,"column":null}},"36":{"start":{"line":154,"column":2},"end":{"line":154,"column":null}}},"fnMap":{"0":{"name":"(anonymous_3)","decl":{"start":{"line":27,"column":22},"end":{"line":27,"column":null}},"loc":{"start":{"line":33,"column":15},"end":{"line":46,"column":1}}},"1":{"name":"(anonymous_4)","decl":{"start":{"line":42,"column":4},"end":{"line":42,"column":5}},"loc":{"start":{"line":42,"column":18},"end":{"line":44,"column":5}}},"2":{"name":"(anonymous_5)","decl":{"start":{"line":55,"column":29},"end":{"line":55,"column":null}},"loc":{"start":{"line":60,"column":17},"end":{"line":110,"column":1}}},"3":{"name":"(anonymous_6)","decl":{"start":{"line":118,"column":46},"end":{"line":118,"column":null}},"loc":{"start":{"line":120,"column":17},"end":{"line":155,"column":1}}}},"branchMap":{},"s":{"0":1,"1":1,"2":1,"3":1,"4":1,"5":1,"6":2,"7":0,"8":1,"9":0,"10":0,"11":2,"12":2,"13":2,"14":2,"15":2,"16":2,"17":2,"18":2,"19":2,"20":2,"21":0,"22":0,"23":1,"24":0,"25":0,"26":0,"27":0,"28":0,"29":0,"30":0,"31":0,"32":0,"33":0,"34":0,"35":0,"36":0},"f":{"0":2,"1":0,"2":2,"3":0},"b":{}}
,"/Users/air/jimmy/repo/contentbox/npm-box-js/src/script/boxd/util/crypto/privatekey.ts": {"path":"/Users/air/jimmy/repo/contentbox/npm-box-js/src/script/boxd/util/crypto/privatekey.ts","statementMap":{"0":{"start":{"line":1,"column":0},"end":{"line":1,"column":33}},"1":{"start":{"line":2,"column":8},"end":{"line":2,"column":22}},"2":{"start":{"line":3,"column":0},"end":{"line":3,"column":40}},"3":{"start":{"line":4,"column":0},"end":{"line":4,"column":23}},"4":{"start":{"line":12,"column":2},"end":{"line":21,"column":null}},"5":{"start":{"line":13,"column":26},"end":{"line":13,"column":46}},"6":{"start":{"line":14,"column":21},"end":{"line":16,"column":null}},"7":{"start":{"line":18,"column":20},"end":{"line":18,"column":66}},"8":{"start":{"line":19,"column":4},"end":{"line":19,"column":null}},"9":{"start":{"line":20,"column":4},"end":{"line":20,"column":null}},"10":{"start":{"line":28,"column":13},"end":{"line":40,"column":null}},"11":{"start":{"line":29,"column":30},"end":{"line":29,"column":67}},"12":{"start":{"line":30,"column":2},"end":{"line":34,"column":null}},"13":{"start":{"line":32,"column":6},"end":{"line":32,"column":72}},"14":{"start":{"line":33,"column":4},"end":{"line":33,"column":null}},"15":{"start":{"line":35,"column":2},"end":{"line":35,"column":null}},"16":{"start":{"line":36,"column":2},"end":{"line":36,"column":null}},"17":{"start":{"line":37,"column":2},"end":{"line":37,"column":null}},"18":{"start":{"line":39,"column":2},"end":{"line":39,"column":null}},"19":{"start":{"line":42,"column":13},"end":{"line":44,"column":null}},"20":{"start":{"line":43,"column":2},"end":{"line":43,"column":null}}},"fnMap":{"0":{"name":"getAddress","decl":{"start":{"line":11,"column":9},"end":{"line":11,"column":19}},"loc":{"start":{"line":11,"column":64},"end":{"line":22,"column":1}}},"1":{"name":"(anonymous_2)","decl":{"start":{"line":12,"column":9},"end":{"line":12,"column":null}},"loc":{"start":{"line":12,"column":9},"end":{"line":21,"column":3}}},"2":{"name":"(anonymous_3)","decl":{"start":{"line":28,"column":29},"end":{"line":28,"column":30}},"loc":{"start":{"line":28,"column":52},"end":{"line":40,"column":1}}},"3":{"name":"(anonymous_4)","decl":{"start":{"line":30,"column":27},"end":{"line":30,"column":28}},"loc":{"start":{"line":30,"column":40},"end":{"line":34,"column":3}}},"4":{"name":"(anonymous_5)","decl":{"start":{"line":42,"column":32},"end":{"line":42,"column":33}},"loc":{"start":{"line":42,"column":63},"end":{"line":44,"column":1}}}},"branchMap":{"0":{"loc":{"start":{"line":32,"column":6},"end":{"line":32,"column":19}},"type":"binary-expr","locations":[{"start":{"line":32,"column":6},"end":{"line":32,"column":19}},{"start":{"line":32,"column":23},"end":{"line":32,"column":72}}]}},"s":{"0":1,"1":1,"2":1,"3":1,"4":4,"5":6,"6":6,"7":6,"8":6,"9":6,"10":1,"11":2,"12":2,"13":0,"14":0,"15":2,"16":2,"17":2,"18":2,"19":1,"20":2},"f":{"0":4,"1":6,"2":2,"3":0,"4":2},"b":{"0":[0,0]}}
}
