TN:
SF:/Users/air/jimmy/repo/contentbox/npm-box-js/src/script/boxd/account/account.ts
FN:16,(anonymous_2)
FN:35,(anonymous_3)
FN:44,Account
FN:46,(anonymous_5)
FN:63,(anonymous_6)
FN:79,(anonymous_7)
FN:95,(anonymous_8)
FN:97,(anonymous_9)
FNF:8
FNH:5
FNDA:1,(anonymous_2)
FNDA:1,(anonymous_3)
FNDA:1,Account
FNDA:0,(anonymous_5)
FNDA:1,(anonymous_6)
FNDA:1,(anonymous_7)
FNDA:0,(anonymous_8)
FNDA:0,(anonymous_9)
DA:1,1
DA:5,1
DA:16,1
DA:23,1
DA:35,1
DA:46,1
DA:47,0
DA:50,1
DA:51,1
DA:52,1
DA:53,1
DA:63,1
DA:64,1
DA:65,1
DA:66,1
DA:79,1
DA:80,1
DA:81,1
DA:83,0
DA:85,1
DA:92,1
DA:95,1
DA:96,0
DA:97,0
DA:100,1
LF:25
LH:21
BRDA:46,0,0,0
BRDA:46,0,1,1
BRDA:92,1,0,1
BRDA:92,1,1,1
BRF:4
BRH:3
end_of_record
TN:
SF:/Users/air/jimmy/repo/contentbox/npm-box-js/src/script/boxd/util/core.ts
FNF:0
FNH:0
DA:1,1
LF:1
LH:1
BRF:0
BRH:0
end_of_record
TN:
SF:/Users/air/jimmy/repo/contentbox/npm-box-js/src/script/boxd/util/util.ts
FN:6,(anonymous_18)
FN:7,(anonymous_19)
FN:15,(anonymous_20)
FN:31,(anonymous_21)
FN:48,addOperand
FN:87,(anonymous_23)
FN:99,(anonymous_24)
FN:107,(anonymous_25)
FN:110,RpcError
FN:141,(anonymous_27)
FN:144,Rpc
FNF:11
FNH:2
FNDA:0,(anonymous_18)
FNDA:0,(anonymous_19)
FNDA:0,(anonymous_20)
FNDA:0,(anonymous_21)
FNDA:0,addOperand
FNDA:0,(anonymous_23)
FNDA:0,(anonymous_24)
FNDA:1,(anonymous_25)
FNDA:0,RpcError
FNDA:1,(anonymous_27)
FNDA:0,Rpc
DA:1,1
DA:2,1
DA:4,1
DA:6,1
DA:7,1
DA:15,1
DA:17,0
DA:19,0
DA:20,0
DA:21,0
DA:31,1
DA:33,0
DA:35,0
DA:36,0
DA:37,0
DA:38,0
DA:39,0
DA:48,1
DA:49,0
DA:50,0
DA:52,0
DA:54,0
DA:60,0
DA:61,0
DA:62,0
DA:68,0
DA:69,0
DA:70,0
DA:78,0
DA:87,1
DA:88,0
DA:89,0
DA:90,0
DA:91,0
DA:99,1
DA:100,0
DA:107,1
DA:110,0
DA:122,0
DA:128,0
DA:130,0
DA:132,0
DA:134,0
DA:136,0
DA:137,0
DA:139,1
DA:141,1
DA:144,0
DA:146,0
DA:149,0
DA:151,0
DA:152,0
DA:154,0
DA:155,0
DA:157,0
DA:161,0
DA:166,0
DA:167,0
DA:168,0
DA:170,0
DA:172,0
DA:175,0
DA:176,0
DA:179,0
DA:181,0
DA:183,1
LF:66
LH:14
BRDA:15,0,0,0
BRDA:15,0,1,0
BRDA:31,1,0,0
BRDA:31,1,1,0
BRDA:117,2,0,0
BRDA:117,2,1,0
BRDA:117,2,2,0
BRDA:117,2,3,0
BRDA:122,3,0,0
BRDA:122,3,1,0
BRDA:124,4,0,0
BRDA:124,4,1,0
BRDA:124,4,2,0
BRDA:128,5,0,0
BRDA:128,5,1,0
BRDA:130,6,0,0
BRDA:130,6,1,0
BRDA:132,7,0,0
BRDA:132,7,1,0
BRDA:134,8,0,0
BRDA:134,8,1,0
BRDA:154,9,0,0
BRDA:154,9,1,0
BRF:23
BRH:0
end_of_record
TN:
SF:/Users/air/jimmy/repo/contentbox/npm-box-js/src/script/boxd/util/crypto/aes.ts
FN:12,(anonymous_0)
FN:30,(anonymous_1)
FN:40,(anonymous_2)
FNF:3
FNH:3
FNDA:1,(anonymous_0)
FNDA:1,(anonymous_1)
FNDA:1,(anonymous_2)
DA:1,1
DA:2,1
DA:3,1
DA:12,1
DA:13,1
DA:14,1
DA:16,1
DA:30,1
DA:31,1
DA:40,1
DA:41,1
LF:11
LH:11
BRF:0
BRH:0
end_of_record
TN:
SF:/Users/air/jimmy/repo/contentbox/npm-box-js/src/script/boxd/util/crypto/ecpair.ts
FN:4,canonicalizeInt
FN:14,ECPair
FN:26,(anonymous_3)
FN:32,(anonymous_4)
FN:38,(anonymous_5)
FN:47,(anonymous_6)
FN:67,(anonymous_7)
FN:71,fromPrivateKey
FNF:8
FNH:0
FNDA:0,canonicalizeInt
FNDA:0,ECPair
FNDA:0,(anonymous_3)
FNDA:0,(anonymous_4)
FNDA:0,(anonymous_5)
FNDA:0,(anonymous_6)
FNDA:0,(anonymous_7)
FNDA:0,fromPrivateKey
DA:1,1
DA:2,1
DA:6,0
DA:9,0
DA:11,0
DA:15,0
DA:17,0
DA:19,0
DA:20,0
DA:21,0
DA:24,1
DA:27,0
DA:31,1
DA:33,0
DA:34,0
DA:38,1
DA:39,0
DA:40,0
DA:41,0
DA:47,1
DA:48,0
DA:49,0
DA:51,0
DA:53,0
DA:54,0
DA:55,0
DA:56,0
DA:57,0
DA:59,0
DA:60,0
DA:61,0
DA:63,0
DA:64,0
DA:67,1
DA:68,0
DA:72,0
DA:73,0
DA:75,0
DA:78,1
LF:39
LH:8
BRDA:15,0,0,0
BRDA:15,0,1,0
BRDA:17,1,0,0
BRDA:17,1,1,0
BRDA:19,2,0,0
BRDA:19,2,1,0
BRDA:21,3,0,0
BRDA:21,3,1,0
BRDA:33,4,0,0
BRDA:33,4,1,0
BRDA:39,5,0,0
BRDA:39,5,1,0
BRDA:72,6,0,0
BRDA:72,6,1,0
BRF:14
BRH:0
end_of_record
TN:
SF:/Users/air/jimmy/repo/contentbox/npm-box-js/src/script/boxd/util/crypto/hash.ts
FN:3,(anonymous_1)
FN:9,(anonymous_2)
FN:15,(anonymous_3)
FN:21,(anonymous_4)
FN:25,(anonymous_5)
FNF:5
FNH:3
FNDA:1,(anonymous_1)
FNDA:0,(anonymous_2)
FNDA:7,(anonymous_3)
FNDA:1,(anonymous_4)
FNDA:0,(anonymous_5)
DA:1,1
DA:3,1
DA:4,1
DA:9,1
DA:10,0
DA:15,1
DA:16,7
DA:21,1
DA:22,1
DA:25,1
DA:26,0
LF:11
LH:9
BRF:0
BRH:0
end_of_record
TN:
SF:/Users/air/jimmy/repo/contentbox/npm-box-js/src/script/boxd/util/crypto/keystore.ts
FN:27,(anonymous_3)
FN:42,(anonymous_4)
FN:55,(anonymous_5)
FN:118,(anonymous_6)
FNF:4
FNH:2
FNDA:1,(anonymous_3)
FNDA:0,(anonymous_4)
FNDA:1,(anonymous_5)
FNDA:0,(anonymous_6)
DA:1,1
DA:2,1
DA:3,1
DA:5,1
DA:7,1
DA:27,1
DA:35,1
DA:43,0
DA:55,1
DA:63,0
DA:67,0
DA:71,1
DA:72,1
DA:74,1
DA:75,1
DA:76,1
DA:85,1
DA:86,1
DA:87,1
DA:88,1
DA:90,1
DA:107,0
DA:108,0
DA:118,1
DA:123,0
DA:126,0
DA:128,0
DA:129,0
DA:130,0
DA:131,0
DA:140,0
DA:141,0
DA:142,0
DA:144,0
DA:146,0
DA:152,0
DA:154,0
LF:37
LH:19
BRF:0
BRH:0
end_of_record
TN:
SF:/Users/air/jimmy/repo/contentbox/npm-box-js/src/script/boxd/util/crypto/privatekey.ts
FN:11,getAddress
FN:12,(anonymous_2)
FN:29,newPrivateKey
FN:31,(anonymous_4)
FN:43,(anonymous_5)
FNF:5
FNH:4
FNDA:2,getAddress
FNDA:3,(anonymous_2)
FNDA:1,newPrivateKey
FNDA:0,(anonymous_4)
FNDA:1,(anonymous_5)
DA:1,1
DA:2,1
DA:3,1
DA:4,1
DA:12,2
DA:13,3
DA:14,3
DA:18,3
DA:19,3
DA:20,3
DA:29,1
DA:30,1
DA:31,1
DA:33,0
DA:34,0
DA:36,1
DA:37,1
DA:38,1
DA:40,1
DA:43,1
DA:44,1
LF:21
LH:19
BRDA:33,0,0,0
BRDA:33,0,1,0
BRF:2
BRH:0
end_of_record
