TN:
SF:/Users/air/jimmy/repo/contentbox/npm-box-js/src/script/boxd/contract/token/token.ts
FN:10,(anonymous_1)
FN:20,(anonymous_2)
FN:31,(anonymous_3)
FNF:3
FNH:3
FNDA:1,(anonymous_1)
FNDA:1,(anonymous_2)
FNDA:1,(anonymous_3)
DA:1,1
DA:2,1
DA:4,1
DA:10,1
DA:11,1
DA:20,1
DA:21,1
DA:22,1
DA:23,1
DA:31,1
DA:32,1
DA:33,1
DA:34,1
DA:35,1
LF:14
LH:14
BRF:0
BRH:0
end_of_record
TN:
SF:/Users/air/jimmy/repo/contentbox/npm-box-js/src/script/boxd/util/core.ts
FNF:0
FNH:0
DA:1,1
LF:1
LH:1
BRF:0
BRH:0
end_of_record
TN:
SF:/Users/air/jimmy/repo/contentbox/npm-box-js/src/script/boxd/util/util.ts
FN:6,(anonymous_18)
FN:7,(anonymous_19)
FN:15,(anonymous_20)
FN:31,(anonymous_21)
FN:48,addOperand
FN:87,(anonymous_23)
FN:99,(anonymous_24)
FN:107,(anonymous_25)
FN:110,RpcError
FN:141,(anonymous_27)
FN:144,Rpc
FNF:11
FNH:4
FNDA:1,(anonymous_18)
FNDA:0,(anonymous_19)
FNDA:0,(anonymous_20)
FNDA:1,(anonymous_21)
FNDA:0,addOperand
FNDA:0,(anonymous_23)
FNDA:0,(anonymous_24)
FNDA:1,(anonymous_25)
FNDA:0,RpcError
FNDA:1,(anonymous_27)
FNDA:0,Rpc
DA:1,1
DA:2,1
DA:4,1
DA:6,1
DA:7,1
DA:15,1
DA:17,0
DA:19,0
DA:20,0
DA:21,0
DA:31,1
DA:33,0
DA:35,1
DA:36,1
DA:37,1
DA:38,1
DA:39,1
DA:48,1
DA:49,0
DA:50,0
DA:52,0
DA:54,0
DA:60,0
DA:61,0
DA:62,0
DA:68,0
DA:69,0
DA:70,0
DA:78,0
DA:87,1
DA:88,0
DA:89,0
DA:90,0
DA:91,0
DA:99,1
DA:100,0
DA:107,1
DA:110,0
DA:122,0
DA:128,0
DA:130,0
DA:132,0
DA:134,0
DA:136,0
DA:137,0
DA:139,1
DA:141,1
DA:144,0
DA:146,0
DA:149,0
DA:151,0
DA:152,0
DA:154,0
DA:155,0
DA:157,0
DA:161,0
DA:166,0
DA:167,0
DA:168,0
DA:170,0
DA:172,0
DA:175,0
DA:176,0
DA:179,0
DA:181,0
DA:183,1
LF:66
LH:19
BRDA:15,0,0,0
BRDA:15,0,1,0
BRDA:31,1,0,0
BRDA:31,1,1,1
BRDA:117,2,0,0
BRDA:117,2,1,0
BRDA:117,2,2,0
BRDA:117,2,3,0
BRDA:122,3,0,0
BRDA:122,3,1,0
BRDA:124,4,0,0
BRDA:124,4,1,0
BRDA:124,4,2,0
BRDA:128,5,0,0
BRDA:128,5,1,0
BRDA:130,6,0,0
BRDA:130,6,1,0
BRDA:132,7,0,0
BRDA:132,7,1,0
BRDA:134,8,0,0
BRDA:134,8,1,0
BRDA:154,9,0,0
BRDA:154,9,1,0
BRF:23
BRH:1
end_of_record
TN:
SF:/Users/air/jimmy/repo/contentbox/npm-box-js/src/script/boxd/util/crypto/hash.ts
FN:3,(anonymous_1)
FN:9,(anonymous_2)
FN:15,(anonymous_3)
FN:21,(anonymous_4)
FN:25,(anonymous_5)
FNF:5
FNH:0
FNDA:0,(anonymous_1)
FNDA:0,(anonymous_2)
FNDA:0,(anonymous_3)
FNDA:0,(anonymous_4)
FNDA:0,(anonymous_5)
DA:1,1
DA:3,1
DA:4,0
DA:9,1
DA:10,0
DA:15,1
DA:16,0
DA:21,1
DA:22,0
DA:25,1
DA:26,0
LF:11
LH:6
BRF:0
BRH:0
end_of_record
